# JRE version: OpenJDK Runtime Environment (17.0.8.1+1) (build 17.0.8.1+1-Ubuntu-0ubuntu123.04)
# Java VM: OpenJDK 64-Bit Server VM (17.0.8.1+1-Ubuntu-0ubuntu123.04, mixed mode, emulated-client, sharing, tiered, compressed oops, compressed class ptrs, g1 gc, linux-amd64)
GC Precious Log:
 CPUs: 8 total, 8 available
 Memory: 15728M
 Large Page Support: Disabled
 NUMA Support: Disabled
 Compressed Oops: Enabled (Zero based)
 Heap Region Size: 2M
 Heap Min Capacity: 8M
 Heap Initial Capacity: 246M
 Heap Max Capacity: 3934M
 Pre-touch: Disabled
 Parallel Workers: 8
 Concurrent Workers: 2
 Concurrent Refinement Workers: 8
 Periodic GC: Disabled
Heap:
 garbage-first heap   total 83968K, used 22870K [0x000000070a200000, 0x0000000800000000)
  region size 2048K, 5 young (10240K), 3 survivors (6144K)
 Metaspace       used 47852K, committed 48384K, reserved 1114112K
  class space    used 6724K, committed 6976K, reserved 1048576K
GC Heap History (16 events):
Event: 0.415 GC heap before
{Heap before GC invocations=0 (full 0):
 garbage-first heap   total 256000K, used 24556K [0x000000070a200000, 0x0000000800000000)
  region size 2048K, 11 young (22528K), 0 survivors (0K)
 Metaspace       used 7477K, committed 7680K, reserved 1114112K
  class space    used 966K, committed 1088K, reserved 1048576K
}
Event: 0.420 GC heap after
{Heap after GC invocations=1 (full 0):
 garbage-first heap   total 256000K, used 8556K [0x000000070a200000, 0x0000000800000000)
  region size 2048K, 2 young (4096K), 2 survivors (4096K)
 Metaspace       used 7477K, committed 7680K, reserved 1114112K
  class space    used 966K, committed 1088K, reserved 1048576K
}
Event: 0.707 GC heap before
{Heap before GC invocations=1 (full 0):
 garbage-first heap   total 256000K, used 33132K [0x000000070a200000, 0x0000000800000000)
  region size 2048K, 15 young (30720K), 2 survivors (4096K)
 Metaspace       used 13240K, committed 13440K, reserved 1114112K
  class space    used 1768K, committed 1856K, reserved 1048576K
}
Event: 0.712 GC heap after
{Heap after GC invocations=2 (full 0):
 garbage-first heap   total 256000K, used 10836K [0x000000070a200000, 0x0000000800000000)
  region size 2048K, 2 young (4096K), 2 survivors (4096K)
 Metaspace       used 13240K, committed 13440K, reserved 1114112K
  class space    used 1768K, committed 1856K, reserved 1048576K
}
Event: 1.114 GC heap before
{Heap before GC invocations=2 (full 0):
 garbage-first heap   total 256000K, used 64084K [0x000000070a200000, 0x0000000800000000)
  region size 2048K, 29 young (59392K), 2 survivors (4096K)
 Metaspace       used 21254K, committed 21504K, reserved 1114112K
  class space    used 2905K, committed 3008K, reserved 1048576K
}
Event: 1.118 GC heap after
{Heap after GC invocations=3 (full 0):
 garbage-first heap   total 256000K, used 14438K [0x000000070a200000, 0x0000000800000000)
  region size 2048K, 3 young (6144K), 3 survivors (6144K)
 Metaspace       used 21254K, committed 21504K, reserved 1114112K
  class space    used 2905K, committed 3008K, reserved 1048576K
}
Event: 1.435 GC heap before
{Heap before GC invocations=4 (full 0):
 garbage-first heap   total 69632K, used 49254K [0x000000070a200000, 0x0000000800000000)
  region size 2048K, 20 young (40960K), 3 survivors (6144K)
 Metaspace       used 26254K, committed 26624K, reserved 1114112K
  class space    used 3688K, committed 3840K, reserved 1048576K
}
Event: 1.441 GC heap after
{Heap after GC invocations=5 (full 0):
 garbage-first heap   total 69632K, used 17583K [0x000000070a200000, 0x0000000800000000)
  region size 2048K, 2 young (4096K), 2 survivors (4096K)
 Metaspace       used 26254K, committed 26624K, reserved 1114112K
  class space    used 3688K, committed 3840K, reserved 1048576K
}
Event: 1.463 GC heap before
{Heap before GC invocations=5 (full 0):
 garbage-first heap   total 69632K, used 17583K [0x000000070a200000, 0x0000000800000000)
  region size 2048K, 3 young (6144K), 2 survivors (4096K)
 Metaspace       used 26737K, committed 27136K, reserved 1114112K
  class space    used 3735K, committed 3904K, reserved 1048576K
}
Event: 1.467 GC heap after
{Heap after GC invocations=6 (full 0):
 garbage-first heap   total 83968K, used 17860K [0x000000070a200000, 0x0000000800000000)
  region size 2048K, 1 young (2048K), 1 survivors (2048K)
 Metaspace       used 26737K, committed 27136K, reserved 1114112K
  class space    used 3735K, committed 3904K, reserved 1048576K
}
Event: 1.763 GC heap before
{Heap before GC invocations=6 (full 0):
 garbage-first heap   total 83968K, used 52676K [0x000000070a200000, 0x0000000800000000)
  region size 2048K, 18 young (36864K), 1 survivors (2048K)
 Metaspace       used 33754K, committed 34240K, reserved 1114112K
  class space    used 4824K, committed 5056K, reserved 1048576K
}
Event: 1.765 GC heap after
{Heap after GC invocations=7 (full 0):
 garbage-first heap   total 83968K, used 19356K [0x000000070a200000, 0x0000000800000000)
  region size 2048K, 2 young (4096K), 2 survivors (4096K)
 Metaspace       used 33754K, committed 34240K, reserved 1114112K
  class space    used 4824K, committed 5056K, reserved 1048576K
}
Event: 1.825 GC heap before
{Heap before GC invocations=7 (full 0):
 garbage-first heap   total 83968K, used 25500K [0x000000070a200000, 0x0000000800000000)
  region size 2048K, 6 young (12288K), 2 survivors (4096K)
 Metaspace       used 35541K, committed 35968K, reserved 1114112K
  class space    used 5005K, committed 5184K, reserved 1048576K
}
Event: 1.828 GC heap after
{Heap after GC invocations=8 (full 0):
 garbage-first heap   total 83968K, used 20005K [0x000000070a200000, 0x0000000800000000)
  region size 2048K, 2 young (4096K), 2 survivors (4096K)
 Metaspace       used 35541K, committed 35968K, reserved 1114112K
  class space    used 5005K, committed 5184K, reserved 1048576K
}
Event: 2.221 GC heap before
{Heap before GC invocations=9 (full 0):
 garbage-first heap   total 83968K, used 52773K [0x000000070a200000, 0x0000000800000000)
  region size 2048K, 19 young (38912K), 2 survivors (4096K)
 Metaspace       used 47322K, committed 47808K, reserved 1114112K
  class space    used 6698K, committed 6912K, reserved 1048576K
}
Event: 2.224 GC heap after
{Heap after GC invocations=10 (full 0):
 garbage-first heap   total 83968K, used 22870K [0x000000070a200000, 0x0000000800000000)
  region size 2048K, 3 young (6144K), 3 survivors (6144K)
 Metaspace       used 47322K, committed 47808K, reserved 1114112K
  class space    used 6698K, committed 6912K, reserved 1048576K
}

